Wed Dec 31 19:00:00 1969 :: Got into main.
Sat Jan 10 15:12:12 2026 :: Time has been initialized.
Sat Jan 10 15:12:12 2026 :: fpReserve opened.
Sat Jan 10 15:12:12 2026 :: About to boot_db().
Sat Jan 10 15:12:12 2026 :: Now in boot_db().  Initializing data space stuff.
Sat Jan 10 15:12:12 2026 :: Initializing RNG.
Sat Jan 10 15:12:12 2026 :: Setting time and weather.
Sat Jan 10 15:12:12 2026 :: Setting up auction and voting globals.
Sat Jan 10 15:12:12 2026 :: Assigning GSNs.
Sat Jan 10 15:12:12 2026 :: Reading in all area files.
Sat Jan 10 15:12:12 2026 :: Opening AREA_LIST.
Sat Jan 10 15:12:12 2026 :: Entering load For loop.
Sat Jan 10 15:12:12 2026 :: help.are
Sat Jan 10 15:12:12 2026 :: olc.hlp
Sat Jan 10 15:12:12 2026 :: limbo.are
Sat Jan 10 15:12:12 2026 :: plains.are
Sat Jan 10 15:12:12 2026 :: ofcol2.are
Sat Jan 10 15:12:12 2026 :: olympus.are
Sat Jan 10 15:12:12 2026 :: air.are
Sat Jan 10 15:12:12 2026 :: shire.are
Sat Jan 10 15:12:12 2026 :: midgaard.are
Sat Jan 10 15:12:12 2026 :: hitower.are
Sat Jan 10 15:12:12 2026 :: gnome.are
Sat Jan 10 15:12:12 2026 :: wyvern.are
Sat Jan 10 15:12:12 2026 :: haven.are
Sat Jan 10 15:12:12 2026 :: astral.are
Sat Jan 10 15:12:12 2026 :: catacomb.are
Sat Jan 10 15:12:12 2026 :: hood.are
Sat Jan 10 15:12:12 2026 :: draconia.are
Sat Jan 10 15:12:12 2026 :: mahntor.are
Sat Jan 10 15:12:12 2026 :: ultima.are
Sat Jan 10 15:12:12 2026 :: trollden.are
Sat Jan 10 15:12:12 2026 :: midennir.are
Sat Jan 10 15:12:12 2026 :: grave.are
Sat Jan 10 15:12:12 2026 :: school.are
Sat Jan 10 15:12:12 2026 :: rats.are
Sat Jan 10 15:12:12 2026 :: moria.are
Sat Jan 10 15:12:12 2026 :: eastern.are
Sat Jan 10 15:12:12 2026 :: drow.are
Sat Jan 10 15:12:12 2026 :: thalos.are
Sat Jan 10 15:12:12 2026 :: ofcol.are
Sat Jan 10 15:12:12 2026 :: haon.are
Sat Jan 10 15:12:12 2026 :: dwarven.are
Sat Jan 10 15:12:12 2026 :: sewer.are
Sat Jan 10 15:12:12 2026 :: valley.are
Sat Jan 10 15:12:12 2026 :: redferne.are
Sat Jan 10 15:12:12 2026 :: marsh.are
Sat Jan 10 15:12:12 2026 :: canyon.are
Sat Jan 10 15:12:12 2026 :: galaxy.are
Sat Jan 10 15:12:12 2026 :: mobfact.are
Sat Jan 10 15:12:12 2026 :: apoc.are
Sat Jan 10 15:12:12 2026 :: cithdeux.are
Sat Jan 10 15:12:12 2026 :: vacation.are
Sat Jan 10 15:12:12 2026 :: arena.are
Sat Jan 10 15:12:12 2026 :: mazoku.are
Sat Jan 10 15:12:12 2026 :: renegades.are
Sat Jan 10 15:12:12 2026 :: teikoku.are
Sat Jan 10 15:12:12 2026 :: cards.are
Sat Jan 10 15:12:12 2026 :: divergent.are
Sat Jan 10 15:12:12 2026 :: malokteri.are
Sat Jan 10 15:12:12 2026 :: zrollers.are
Sat Jan 10 15:12:12 2026 :: $
Sat Jan 10 15:12:12 2026 :: [*****] BUG: Fix_exits: 812:0 -> 904:2 -> 903.
Sat Jan 10 15:12:12 2026 :: [*****] BUG: Fix_exits: 813:2 -> 1312:0 -> 1313.
Sat Jan 10 15:12:12 2026 :: [*****] BUG: Fix_exits: 814:2 -> 3001:0 -> 3054.
Sat Jan 10 15:12:12 2026 :: [*****] BUG: Fix_exits: 5063:1 -> 5031:3 -> 5030.
Sat Jan 10 15:12:12 2026 :: Merc is ready to rock on port 5000.
Sat Jan 10 15:12:18 2026 :: Sock.sinaddr:  127.0.0.1
Sat Jan 10 15:12:18 2026 :: Warning: help_greeting is unset; check greeting.are/area.lst.
Sat Jan 10 15:12:19 2026 :: EOF encountered on read.
Sat Jan 10 15:12:19 2026 :: Closing link to Look.
Sat Jan 10 15:13:29 2026 :: Sock.sinaddr:  127.0.0.1
