==43023== Memcheck, a memory error detector
==43023== Copyright (C) 2002-2022, and GNU GPL'd, by Julian Seward et al.
==43023== Using Valgrind-3.22.0 and LibVEX; rerun with -h for copyright info
==43023== Command: ./src/chaosium 5001
==43023== Parent PID: 10121
==43023== 
==43023== 
==43023== HEAP SUMMARY:
==43023==     in use at exit: 472 bytes in 1 blocks
==43023==   total heap usage: 13 allocs, 12 frees, 7,415 bytes allocated
==43023== 
==43023== LEAK SUMMARY:
==43023==    definitely lost: 0 bytes in 0 blocks
==43023==    indirectly lost: 0 bytes in 0 blocks
==43023==      possibly lost: 0 bytes in 0 blocks
==43023==    still reachable: 472 bytes in 1 blocks
==43023==         suppressed: 0 bytes in 0 blocks
==43023== Reachable blocks (those to which a pointer was found) are not shown.
==43023== To see them, rerun with: --leak-check=full --show-leak-kinds=all
==43023== 
==43023== For lists of detected and suppressed errors, rerun with: -s
==43023== ERROR SUMMARY: 0 errors from 0 contexts (suppressed: 0 from 0)
