==41379== Memcheck, a memory error detector
==41379== Copyright (C) 2002-2022, and GNU GPL'd, by Julian Seward et al.
==41379== Using Valgrind-3.22.0 and LibVEX; rerun with -h for copyright info
==41379== Command: ./src/chaosium 5000
==41379== Parent PID: 18830
==41379== 
==41379== Invalid read of size 1
==41379==    at 0x14E4AF: new_descriptor (comm.c:996)
==41379==    by 0x15020E: game_loop_unix (comm.c:690)
==41379==    by 0x15087E: main (comm.c:404)
==41379==  Address 0x0 is not stack'd, malloc'd or (recently) free'd
==41379== 
==41379== 
==41379== Process terminating with default action of signal 11 (SIGSEGV)
==41379==  Access not within mapped region at address 0x0
==41379==    at 0x14E4AF: new_descriptor (comm.c:996)
==41379==    by 0x15020E: game_loop_unix (comm.c:690)
==41379==    by 0x15087E: main (comm.c:404)
==41379==  If you believe this happened as a result of a stack
==41379==  overflow in your program's main thread (unlikely but
==41379==  possible), you can try to increase the size of the
==41379==  main thread stack using the --main-stacksize= flag.
==41379==  The main thread stack size used in this run was 8388608.
==41379== 
==41379== HEAP SUMMARY:
==41379==     in use at exit: 4,590,442 bytes in 26 blocks
==41379==   total heap usage: 381 allocs, 355 frees, 5,139,605 bytes allocated
==41379== 
==41379== 131,072 bytes in 1 blocks are possibly lost in loss record 13 of 18
==41379==    at 0x484D953: calloc (in /usr/libexec/valgrind/vgpreload_memcheck-amd64-linux.so)
==41379==    by 0x151BE6: alloc_perm (db.c:2684)
==41379==    by 0x152442: create_object (db.c:2007)
==41379==    by 0x1529FB: reset_room (db.c:1855)
==41379==    by 0x152A6D: reset_area (db.c:1906)
==41379==    by 0x152ADA: area_update (db.c:1645)
==41379==    by 0x154EAA: boot_db (db.c:422)
==41379==    by 0x15084D: main (comm.c:401)
==41379== 
==41379== LEAK SUMMARY:
==41379==    definitely lost: 0 bytes in 0 blocks
==41379==    indirectly lost: 0 bytes in 0 blocks
==41379==      possibly lost: 131,072 bytes in 1 blocks
==41379==    still reachable: 4,459,370 bytes in 25 blocks
==41379==         suppressed: 0 bytes in 0 blocks
==41379== Reachable blocks (those to which a pointer was found) are not shown.
==41379== To see them, rerun with: --leak-check=full --show-leak-kinds=all
==41379== 
==41379== For lists of detected and suppressed errors, rerun with: -s
==41379== ERROR SUMMARY: 2 errors from 2 contexts (suppressed: 0 from 0)
